[debug] [2021-06-06T22:06:44.670Z] ----------------------------------------------------------------------
[debug] [2021-06-06T22:06:44.671Z] Command:       /Users/ihposey/.nvm/versions/node/v15.11.0/bin/node /Users/ihposey/.nvm/versions/node/v15.11.0/bin/firebase emulators:start
[debug] [2021-06-06T22:06:44.671Z] CLI Version:   9.12.1
[debug] [2021-06-06T22:06:44.671Z] Platform:      darwin
[debug] [2021-06-06T22:06:44.671Z] Node Version:  v15.11.0
[debug] [2021-06-06T22:06:44.675Z] Time:          Sun Jun 06 2021 15:06:44 GMT-0700 (Pacific Daylight Time)
[debug] [2021-06-06T22:06:44.675Z] ----------------------------------------------------------------------
[debug] 
[debug] [2021-06-06T22:06:44.681Z] > command requires scopes: ["email","openid","https://www.googleapis.com/auth/cloudplatformprojects.readonly","https://www.googleapis.com/auth/firebase","https://www.googleapis.com/auth/cloud-platform"]
[debug] [2021-06-06T22:06:44.681Z] > authorizing via signed-in user (ihunterposey@gmail.com)
[info] i  emulators: Starting emulators: functions, hosting {"metadata":{"emulator":{"name":"hub"},"message":"Starting emulators: functions, hosting"}}
[debug] [2021-06-06T22:06:44.701Z] [hub] writing locator at /var/folders/9j/6qy2ltn90kv8cf0tvdv_prt80000gn/T/hub-clone-51973.json
[warn] ⚠  functions: The following emulators are not running, calls to these services from the Functions emulator will affect production: auth, firestore, database, pubsub, storage {"metadata":{"emulator":{"name":"functions"},"message":"The following emulators are not running, calls to these services from the Functions emulator will affect production: \u001b[1mauth, firestore, database, pubsub, storage\u001b[22m"}}
[warn] ⚠  Your requested "node" version "14" doesn't match your global version "15" {"metadata":{"emulator":{"name":"functions"},"message":"Your requested \"node\" version \"14\" doesn't match your global version \"15\""}}
[debug] [2021-06-06T22:06:44.742Z] defaultcredentials: writing to file /Users/ihposey/.config/firebase/ihunterposey_gmail_com_application_default_credentials.json
[debug] [2021-06-06T22:06:44.745Z] Setting GAC to /Users/ihposey/.config/firebase/ihunterposey_gmail_com_application_default_credentials.json {"metadata":{"emulator":{"name":"functions"},"message":"Setting GAC to /Users/ihposey/.config/firebase/ihunterposey_gmail_com_application_default_credentials.json"}}
[debug] [2021-06-06T22:06:44.746Z] >>> [apiv2][query] GET https://firebase.googleapis.com/v1beta1/projects/clone-51973/adminSdkConfig [none]
[debug] [2021-06-06T22:06:45.029Z] <<< [apiv2][status] GET https://firebase.googleapis.com/v1beta1/projects/clone-51973/adminSdkConfig 200
[debug] [2021-06-06T22:06:45.029Z] <<< [apiv2][body] GET https://firebase.googleapis.com/v1beta1/projects/clone-51973/adminSdkConfig {"projectId":"clone-51973","storageBucket":"clone-51973.appspot.com","locationId":"us-central"}
[debug] [2021-06-06T22:06:45.081Z] >>> [apiv2][query] GET https://firebasehosting.googleapis.com/v1beta1/projects/clone-51973/sites 
[debug] [2021-06-06T22:06:45.506Z] <<< [apiv2][status] GET https://firebasehosting.googleapis.com/v1beta1/projects/clone-51973/sites 200
[debug] [2021-06-06T22:06:45.506Z] <<< [apiv2][body] GET https://firebasehosting.googleapis.com/v1beta1/projects/clone-51973/sites {"sites":[{"name":"projects/378510621501/sites/clone-51973","defaultUrl":"https://clone-51973.web.app","appId":"1:378510621501:web:c569e7a5b1b0b9b8f6e354","type":"DEFAULT_SITE"}]}
[debug] [2021-06-06T22:06:45.507Z] >>> [apiv2][query] GET https://firebase.googleapis.com/v1beta1/projects/clone-51973/webApps/1:378510621501:web:c569e7a5b1b0b9b8f6e354/config [none]
[debug] [2021-06-06T22:06:45.918Z] <<< [apiv2][status] GET https://firebase.googleapis.com/v1beta1/projects/clone-51973/webApps/1:378510621501:web:c569e7a5b1b0b9b8f6e354/config 200
[debug] [2021-06-06T22:06:45.918Z] <<< [apiv2][body] GET https://firebase.googleapis.com/v1beta1/projects/clone-51973/webApps/1:378510621501:web:c569e7a5b1b0b9b8f6e354/config {"projectId":"clone-51973","appId":"1:378510621501:web:c569e7a5b1b0b9b8f6e354","storageBucket":"clone-51973.appspot.com","locationId":"us-central","apiKey":"AIzaSyDCP6gSfQEbVPzVJDiT4ztUJevpCfHSykQ","authDomain":"clone-51973.firebaseapp.com","messagingSenderId":"378510621501","measurementId":"G-XBCEQMBGWN"}
[info] i  hosting: Serving hosting files from: build {"metadata":{"emulator":{"name":"hosting"},"message":"Serving hosting files from: \u001b[1mbuild\u001b[22m"}}
[info] ✔  hosting: Local server: http://localhost:5000 {"metadata":{"emulator":{"name":"hosting"},"message":"Local server: \u001b[4m\u001b[1mhttp://localhost:5000\u001b[22m\u001b[24m"}}
[debug] [2021-06-06T22:06:46.080Z] Ignoring unsupported arg: auto_download {"metadata":{"emulator":{"name":"ui"},"message":"Ignoring unsupported arg: auto_download"}}
[debug] [2021-06-06T22:06:46.080Z] Ignoring unsupported arg: port {"metadata":{"emulator":{"name":"ui"},"message":"Ignoring unsupported arg: port"}}
[debug] [2021-06-06T22:06:46.080Z] Starting Emulator UI with command {"binary":"node","args":["/Users/ihposey/.cache/firebase/emulators/ui-v1.5.0/server.bundle.js"],"optionalArgs":[],"joinArgs":false} {"metadata":{"emulator":{"name":"ui"},"message":"Starting Emulator UI with command {\"binary\":\"node\",\"args\":[\"/Users/ihposey/.cache/firebase/emulators/ui-v1.5.0/server.bundle.js\"],\"optionalArgs\":[],\"joinArgs\":false}"}}
[info] i  ui: Emulator UI logging to ui-debug.log {"metadata":{"emulator":{"name":"ui"},"message":"Emulator UI logging to \u001b[1mui-debug.log\u001b[22m"}}
[debug] [2021-06-06T22:06:46.192Z] Web / API server started at http://localhost:4000
 {"metadata":{"emulator":{"name":"ui"},"message":"Web / API server started at http://localhost:4000\n"}}
[info] i  functions: Watching "/Users/ihposey/Desktop/AmazonClone/amazon-clone/functions" for Cloud Functions... {"metadata":{"emulator":{"name":"functions"},"message":"Watching \"/Users/ihposey/Desktop/AmazonClone/amazon-clone/functions\" for Cloud Functions..."}}
[debug] [2021-06-06T22:06:46.380Z] [worker-pool] addWorker(~diagnostic~) {"metadata":{"emulator":{"name":"functions"},"message":"[worker-pool] addWorker(~diagnostic~)"}}
[debug] [2021-06-06T22:06:46.381Z] [worker-pool] Adding worker with key ~diagnostic~, total=1 {"metadata":{"emulator":{"name":"functions"},"message":"[worker-pool] Adding worker with key ~diagnostic~, total=1"}}
[debug] [2021-06-06T22:06:46.381Z] [worker-pool] submitWork(triggerId=) {"metadata":{"emulator":{"name":"functions"},"message":"[worker-pool] submitWork(triggerId=)"}}
[debug] [2021-06-06T22:06:46.382Z] [worker-~diagnostic~-3ea63d30-7aee-4191-95dc-e33c85286a8c]: Assigning socketPath: /var/folders/9j/6qy2ltn90kv8cf0tvdv_prt80000gn/T/fire_emu_73157.sock {"metadata":{"emulator":{"name":"functions"},"message":"[worker-~diagnostic~-3ea63d30-7aee-4191-95dc-e33c85286a8c]: Assigning socketPath: /var/folders/9j/6qy2ltn90kv8cf0tvdv_prt80000gn/T/fire_emu_73157.sock"}}
[debug] [2021-06-06T22:06:46.382Z] [worker-~diagnostic~-3ea63d30-7aee-4191-95dc-e33c85286a8c]: BUSY {"metadata":{"emulator":{"name":"functions"},"message":"[worker-~diagnostic~-3ea63d30-7aee-4191-95dc-e33c85286a8c]: BUSY"}}
[debug] [2021-06-06T22:06:46.493Z] [runtime-status] [73157] Functions runtime initialized. {"cwd":"/Users/ihposey/Desktop/AmazonClone/amazon-clone/functions","node_version":"15.11.0"} {"metadata":{"emulator":{"name":"functions"},"message":"[runtime-status] [73157] Functions runtime initialized. {\"cwd\":\"/Users/ihposey/Desktop/AmazonClone/amazon-clone/functions\",\"node_version\":\"15.11.0\"}"}}
[debug] [2021-06-06T22:06:46.493Z] [runtime-status] [73157] Disabled runtime features: undefined {"metadata":{"emulator":{"name":"functions"},"message":"[runtime-status] [73157] Disabled runtime features: undefined"}}
[debug] [2021-06-06T22:06:46.498Z] [runtime-status] [73157] Resolved module firebase-admin {"declared":true,"installed":true,"version":"9.9.0","resolution":"/Users/ihposey/Desktop/AmazonClone/amazon-clone/functions/node_modules/firebase-admin/lib/index.js"} {"metadata":{"emulator":{"name":"functions"},"message":"[runtime-status] [73157] Resolved module firebase-admin {\"declared\":true,\"installed\":true,\"version\":\"9.9.0\",\"resolution\":\"/Users/ihposey/Desktop/AmazonClone/amazon-clone/functions/node_modules/firebase-admin/lib/index.js\"}"}}
[debug] [2021-06-06T22:06:46.500Z] [runtime-status] [73157] Resolved module firebase-functions {"declared":true,"installed":true,"version":"3.14.1","resolution":"/Users/ihposey/Desktop/AmazonClone/amazon-clone/functions/node_modules/firebase-functions/lib/index.js"} {"metadata":{"emulator":{"name":"functions"},"message":"[runtime-status] [73157] Resolved module firebase-functions {\"declared\":true,\"installed\":true,\"version\":\"3.14.1\",\"resolution\":\"/Users/ihposey/Desktop/AmazonClone/amazon-clone/functions/node_modules/firebase-functions/lib/index.js\"}"}}
[debug] [2021-06-06T22:06:46.501Z] [runtime-status] [73157] Resolved module firebase-functions {"declared":true,"installed":true,"version":"3.14.1","resolution":"/Users/ihposey/Desktop/AmazonClone/amazon-clone/functions/node_modules/firebase-functions/lib/index.js"} {"metadata":{"emulator":{"name":"functions"},"message":"[runtime-status] [73157] Resolved module firebase-functions {\"declared\":true,\"installed\":true,\"version\":\"3.14.1\",\"resolution\":\"/Users/ihposey/Desktop/AmazonClone/amazon-clone/functions/node_modules/firebase-functions/lib/index.js\"}"}}
[debug] [2021-06-06T22:06:46.502Z] [runtime-status] [73157] Outgoing network have been stubbed. [{"name":"http","status":"mocked"},{"name":"http","status":"mocked"},{"name":"https","status":"mocked"},{"name":"https","status":"mocked"},{"name":"net","status":"mocked"}] {"metadata":{"emulator":{"name":"functions"},"message":"[runtime-status] [73157] Outgoing network have been stubbed. [{\"name\":\"http\",\"status\":\"mocked\"},{\"name\":\"http\",\"status\":\"mocked\"},{\"name\":\"https\",\"status\":\"mocked\"},{\"name\":\"https\",\"status\":\"mocked\"},{\"name\":\"net\",\"status\":\"mocked\"}]"}}
[debug] [2021-06-06T22:06:46.503Z] [runtime-status] [73157] Resolved module firebase-functions {"declared":true,"installed":true,"version":"3.14.1","resolution":"/Users/ihposey/Desktop/AmazonClone/amazon-clone/functions/node_modules/firebase-functions/lib/index.js"} {"metadata":{"emulator":{"name":"functions"},"message":"[runtime-status] [73157] Resolved module firebase-functions {\"declared\":true,\"installed\":true,\"version\":\"3.14.1\",\"resolution\":\"/Users/ihposey/Desktop/AmazonClone/amazon-clone/functions/node_modules/firebase-functions/lib/index.js\"}"}}
[debug] [2021-06-06T22:06:46.531Z] [runtime-status] [73157] Checked functions.config() {"config":{}} {"metadata":{"emulator":{"name":"functions"},"message":"[runtime-status] [73157] Checked functions.config() {\"config\":{}}"}}
[debug] [2021-06-06T22:06:46.531Z] [runtime-status] [73157] firebase-functions has been stubbed. {"functionsResolution":{"declared":true,"installed":true,"version":"3.14.1","resolution":"/Users/ihposey/Desktop/AmazonClone/amazon-clone/functions/node_modules/firebase-functions/lib/index.js"}} {"metadata":{"emulator":{"name":"functions"},"message":"[runtime-status] [73157] firebase-functions has been stubbed. {\"functionsResolution\":{\"declared\":true,\"installed\":true,\"version\":\"3.14.1\",\"resolution\":\"/Users/ihposey/Desktop/AmazonClone/amazon-clone/functions/node_modules/firebase-functions/lib/index.js\"}}"}}
[debug] [2021-06-06T22:06:46.532Z] [runtime-status] [73157] Resolved module firebase-functions {"declared":true,"installed":true,"version":"3.14.1","resolution":"/Users/ihposey/Desktop/AmazonClone/amazon-clone/functions/node_modules/firebase-functions/lib/index.js"} {"metadata":{"emulator":{"name":"functions"},"message":"[runtime-status] [73157] Resolved module firebase-functions {\"declared\":true,\"installed\":true,\"version\":\"3.14.1\",\"resolution\":\"/Users/ihposey/Desktop/AmazonClone/amazon-clone/functions/node_modules/firebase-functions/lib/index.js\"}"}}
[debug] [2021-06-06T22:06:46.532Z] [runtime-status] [73157] Resolved module firebase-admin {"declared":true,"installed":true,"version":"9.9.0","resolution":"/Users/ihposey/Desktop/AmazonClone/amazon-clone/functions/node_modules/firebase-admin/lib/index.js"} {"metadata":{"emulator":{"name":"functions"},"message":"[runtime-status] [73157] Resolved module firebase-admin {\"declared\":true,\"installed\":true,\"version\":\"9.9.0\",\"resolution\":\"/Users/ihposey/Desktop/AmazonClone/amazon-clone/functions/node_modules/firebase-admin/lib/index.js\"}"}}
[debug] [2021-06-06T22:06:46.532Z] [runtime-status] [73157] Resolved module firebase-functions {"declared":true,"installed":true,"version":"3.14.1","resolution":"/Users/ihposey/Desktop/AmazonClone/amazon-clone/functions/node_modules/firebase-functions/lib/index.js"} {"metadata":{"emulator":{"name":"functions"},"message":"[runtime-status] [73157] Resolved module firebase-functions {\"declared\":true,\"installed\":true,\"version\":\"3.14.1\",\"resolution\":\"/Users/ihposey/Desktop/AmazonClone/amazon-clone/functions/node_modules/firebase-functions/lib/index.js\"}"}}
[debug] [2021-06-06T22:06:46.532Z] [runtime-status] [73157] firebase-admin has been stubbed. {"adminResolution":{"declared":true,"installed":true,"version":"9.9.0","resolution":"/Users/ihposey/Desktop/AmazonClone/amazon-clone/functions/node_modules/firebase-admin/lib/index.js"}} {"metadata":{"emulator":{"name":"functions"},"message":"[runtime-status] [73157] firebase-admin has been stubbed. {\"adminResolution\":{\"declared\":true,\"installed\":true,\"version\":\"9.9.0\",\"resolution\":\"/Users/ihposey/Desktop/AmazonClone/amazon-clone/functions/node_modules/firebase-admin/lib/index.js\"}}"}}
[info] ✔  functions[us-central1-api]: http function initialized (http://localhost:5001/clone-51973/us-central1/api). {"metadata":{"emulator":{"name":"functions"},"message":"\u001b[1mhttp\u001b[22m function initialized (http://localhost:5001/clone-51973/us-central1/api)."}}
[info] 
┌─────────────────────────────────────────────────────────────┐
│ ✔  All emulators ready! It is now safe to connect your app. │
│ i  View Emulator UI at http://localhost:4000                │
└─────────────────────────────────────────────────────────────┘

┌───────────┬────────────────┬─────────────────────────────────┐
│ Emulator  │ Host:Port      │ View in Emulator UI             │
├───────────┼────────────────┼─────────────────────────────────┤
│ Functions │ localhost:5001 │ http://localhost:4000/functions │
├───────────┼────────────────┼─────────────────────────────────┤
│ Hosting   │ localhost:5000 │ n/a                             │
└───────────┴────────────────┴─────────────────────────────────┘
  Emulator Hub running at localhost:4400
  Other reserved ports: 4500

Issues? Report them at https://github.com/firebase/firebase-tools/issues and attach the *-debug.log files.
 
[debug] [2021-06-06T22:06:46.632Z] [worker-~diagnostic~-3ea63d30-7aee-4191-95dc-e33c85286a8c]: IDLE {"metadata":{"emulator":{"name":"functions"},"message":"[worker-~diagnostic~-3ea63d30-7aee-4191-95dc-e33c85286a8c]: IDLE"}}
[debug] [2021-06-06T22:12:24.312Z] [work-queue] {"queueLength":1,"workRunningCount":0}
[debug] [2021-06-06T22:12:24.315Z] [work-queue] {"queueLength":0,"workRunningCount":1}
[debug] [2021-06-06T22:12:24.316Z] Accepted request POST /clone-51973/us-central1/api/payments/create?total=31094 --> us-central1-api
[debug] [2021-06-06T22:12:24.344Z] [worker-pool] addWorker(us-central1-api) {"metadata":{"emulator":{"name":"functions"},"message":"[worker-pool] addWorker(us-central1-api)"}}
[debug] [2021-06-06T22:12:24.345Z] [worker-pool] Adding worker with key us-central1-api, total=1 {"metadata":{"emulator":{"name":"functions"},"message":"[worker-pool] Adding worker with key us-central1-api, total=1"}}
[debug] [2021-06-06T22:12:24.345Z] [worker-pool] submitWork(triggerId=us-central1-api) {"metadata":{"emulator":{"name":"functions"},"message":"[worker-pool] submitWork(triggerId=us-central1-api)"}}
[debug] [2021-06-06T22:12:24.345Z] [worker-us-central1-api-4aa70d01-810c-4b50-b609-fd6a3811296f]: Assigning socketPath: /var/folders/9j/6qy2ltn90kv8cf0tvdv_prt80000gn/T/fire_emu_73371.sock {"metadata":{"emulator":{"name":"functions"},"message":"[worker-us-central1-api-4aa70d01-810c-4b50-b609-fd6a3811296f]: Assigning socketPath: /var/folders/9j/6qy2ltn90kv8cf0tvdv_prt80000gn/T/fire_emu_73371.sock"}}
[debug] [2021-06-06T22:12:24.345Z] [worker-us-central1-api-4aa70d01-810c-4b50-b609-fd6a3811296f]: BUSY {"metadata":{"emulator":{"name":"functions"},"message":"[worker-us-central1-api-4aa70d01-810c-4b50-b609-fd6a3811296f]: BUSY"}}
[debug] [2021-06-06T22:12:24.501Z] [runtime-status] [73371] Functions runtime initialized. {"cwd":"/Users/ihposey/Desktop/AmazonClone/amazon-clone/functions","node_version":"15.11.0"} {"metadata":{"emulator":{"name":"functions"},"function":{"name":"us-central1-api"},"message":"[runtime-status] [73371] Functions runtime initialized. {\"cwd\":\"/Users/ihposey/Desktop/AmazonClone/amazon-clone/functions\",\"node_version\":\"15.11.0\"}"}}
[debug] [2021-06-06T22:12:24.502Z] [runtime-status] [73371] Disabled runtime features: undefined {"metadata":{"emulator":{"name":"functions"},"function":{"name":"us-central1-api"},"message":"[runtime-status] [73371] Disabled runtime features: undefined"}}
[debug] [2021-06-06T22:12:24.504Z] [runtime-status] [73371] Resolved module firebase-admin {"declared":true,"installed":true,"version":"9.9.0","resolution":"/Users/ihposey/Desktop/AmazonClone/amazon-clone/functions/node_modules/firebase-admin/lib/index.js"} {"metadata":{"emulator":{"name":"functions"},"function":{"name":"us-central1-api"},"message":"[runtime-status] [73371] Resolved module firebase-admin {\"declared\":true,\"installed\":true,\"version\":\"9.9.0\",\"resolution\":\"/Users/ihposey/Desktop/AmazonClone/amazon-clone/functions/node_modules/firebase-admin/lib/index.js\"}"}}
[debug] [2021-06-06T22:12:24.504Z] [runtime-status] [73371] Resolved module firebase-functions {"declared":true,"installed":true,"version":"3.14.1","resolution":"/Users/ihposey/Desktop/AmazonClone/amazon-clone/functions/node_modules/firebase-functions/lib/index.js"} {"metadata":{"emulator":{"name":"functions"},"function":{"name":"us-central1-api"},"message":"[runtime-status] [73371] Resolved module firebase-functions {\"declared\":true,\"installed\":true,\"version\":\"3.14.1\",\"resolution\":\"/Users/ihposey/Desktop/AmazonClone/amazon-clone/functions/node_modules/firebase-functions/lib/index.js\"}"}}
[debug] [2021-06-06T22:12:24.505Z] [runtime-status] [73371] Resolved module firebase-functions {"declared":true,"installed":true,"version":"3.14.1","resolution":"/Users/ihposey/Desktop/AmazonClone/amazon-clone/functions/node_modules/firebase-functions/lib/index.js"} {"metadata":{"emulator":{"name":"functions"},"function":{"name":"us-central1-api"},"message":"[runtime-status] [73371] Resolved module firebase-functions {\"declared\":true,\"installed\":true,\"version\":\"3.14.1\",\"resolution\":\"/Users/ihposey/Desktop/AmazonClone/amazon-clone/functions/node_modules/firebase-functions/lib/index.js\"}"}}
[debug] [2021-06-06T22:12:24.506Z] [runtime-status] [73371] Outgoing network have been stubbed. [{"name":"http","status":"mocked"},{"name":"http","status":"mocked"},{"name":"https","status":"mocked"},{"name":"https","status":"mocked"},{"name":"net","status":"mocked"}] {"metadata":{"emulator":{"name":"functions"},"function":{"name":"us-central1-api"},"message":"[runtime-status] [73371] Outgoing network have been stubbed. [{\"name\":\"http\",\"status\":\"mocked\"},{\"name\":\"http\",\"status\":\"mocked\"},{\"name\":\"https\",\"status\":\"mocked\"},{\"name\":\"https\",\"status\":\"mocked\"},{\"name\":\"net\",\"status\":\"mocked\"}]"}}
[debug] [2021-06-06T22:12:24.506Z] [runtime-status] [73371] Resolved module firebase-functions {"declared":true,"installed":true,"version":"3.14.1","resolution":"/Users/ihposey/Desktop/AmazonClone/amazon-clone/functions/node_modules/firebase-functions/lib/index.js"} {"metadata":{"emulator":{"name":"functions"},"function":{"name":"us-central1-api"},"message":"[runtime-status] [73371] Resolved module firebase-functions {\"declared\":true,\"installed\":true,\"version\":\"3.14.1\",\"resolution\":\"/Users/ihposey/Desktop/AmazonClone/amazon-clone/functions/node_modules/firebase-functions/lib/index.js\"}"}}
[debug] [2021-06-06T22:12:24.537Z] [runtime-status] [73371] Checked functions.config() {"config":{}} {"metadata":{"emulator":{"name":"functions"},"function":{"name":"us-central1-api"},"message":"[runtime-status] [73371] Checked functions.config() {\"config\":{}}"}}
[debug] [2021-06-06T22:12:24.537Z] [runtime-status] [73371] firebase-functions has been stubbed. {"functionsResolution":{"declared":true,"installed":true,"version":"3.14.1","resolution":"/Users/ihposey/Desktop/AmazonClone/amazon-clone/functions/node_modules/firebase-functions/lib/index.js"}} {"metadata":{"emulator":{"name":"functions"},"function":{"name":"us-central1-api"},"message":"[runtime-status] [73371] firebase-functions has been stubbed. {\"functionsResolution\":{\"declared\":true,\"installed\":true,\"version\":\"3.14.1\",\"resolution\":\"/Users/ihposey/Desktop/AmazonClone/amazon-clone/functions/node_modules/firebase-functions/lib/index.js\"}}"}}
[debug] [2021-06-06T22:12:24.538Z] [runtime-status] [73371] Resolved module firebase-functions {"declared":true,"installed":true,"version":"3.14.1","resolution":"/Users/ihposey/Desktop/AmazonClone/amazon-clone/functions/node_modules/firebase-functions/lib/index.js"} {"metadata":{"emulator":{"name":"functions"},"function":{"name":"us-central1-api"},"message":"[runtime-status] [73371] Resolved module firebase-functions {\"declared\":true,\"installed\":true,\"version\":\"3.14.1\",\"resolution\":\"/Users/ihposey/Desktop/AmazonClone/amazon-clone/functions/node_modules/firebase-functions/lib/index.js\"}"}}
[debug] [2021-06-06T22:12:24.538Z] [runtime-status] [73371] Resolved module firebase-admin {"declared":true,"installed":true,"version":"9.9.0","resolution":"/Users/ihposey/Desktop/AmazonClone/amazon-clone/functions/node_modules/firebase-admin/lib/index.js"} {"metadata":{"emulator":{"name":"functions"},"function":{"name":"us-central1-api"},"message":"[runtime-status] [73371] Resolved module firebase-admin {\"declared\":true,\"installed\":true,\"version\":\"9.9.0\",\"resolution\":\"/Users/ihposey/Desktop/AmazonClone/amazon-clone/functions/node_modules/firebase-admin/lib/index.js\"}"}}
[debug] [2021-06-06T22:12:24.538Z] [runtime-status] [73371] Resolved module firebase-functions {"declared":true,"installed":true,"version":"3.14.1","resolution":"/Users/ihposey/Desktop/AmazonClone/amazon-clone/functions/node_modules/firebase-functions/lib/index.js"} {"metadata":{"emulator":{"name":"functions"},"function":{"name":"us-central1-api"},"message":"[runtime-status] [73371] Resolved module firebase-functions {\"declared\":true,\"installed\":true,\"version\":\"3.14.1\",\"resolution\":\"/Users/ihposey/Desktop/AmazonClone/amazon-clone/functions/node_modules/firebase-functions/lib/index.js\"}"}}
[debug] [2021-06-06T22:12:24.538Z] [runtime-status] [73371] firebase-admin has been stubbed. {"adminResolution":{"declared":true,"installed":true,"version":"9.9.0","resolution":"/Users/ihposey/Desktop/AmazonClone/amazon-clone/functions/node_modules/firebase-admin/lib/index.js"}} {"metadata":{"emulator":{"name":"functions"},"function":{"name":"us-central1-api"},"message":"[runtime-status] [73371] firebase-admin has been stubbed. {\"adminResolution\":{\"declared\":true,\"installed\":true,\"version\":\"9.9.0\",\"resolution\":\"/Users/ihposey/Desktop/AmazonClone/amazon-clone/functions/node_modules/firebase-admin/lib/index.js\"}}"}}
[debug] [2021-06-06T22:12:24.626Z] [runtime-status] [73371] Trigger "us-central1-api" has been found, beginning invocation! {"metadata":{"emulator":{"name":"functions"},"function":{"name":"us-central1-api"},"message":"[runtime-status] [73371] Trigger \"us-central1-api\" has been found, beginning invocation!"}}
[info] i  functions: Beginning execution of "us-central1-api" {"metadata":{"emulator":{"name":"functions"},"function":{"name":"us-central1-api"},"message":"Beginning execution of \"us-central1-api\""}}
[debug] [2021-06-06T22:12:24.627Z] [runtime-status] [73371] triggerDefinition {"httpsTrigger":{},"name":"api","entryPoint":"api","regions":["us-central1"],"region":"us-central1","id":"us-central1-api"} {"metadata":{"emulator":{"name":"functions"},"function":{"name":"us-central1-api"},"message":"[runtime-status] [73371] triggerDefinition {\"httpsTrigger\":{},\"name\":\"api\",\"entryPoint\":\"api\",\"regions\":[\"us-central1\"],\"region\":\"us-central1\",\"id\":\"us-central1-api\"}"}}
[debug] [2021-06-06T22:12:24.627Z] [runtime-status] [73371] Running us-central1-api in mode HTTPS {"metadata":{"emulator":{"name":"functions"},"function":{"name":"us-central1-api"},"message":"[runtime-status] [73371] Running us-central1-api in mode HTTPS"}}
[debug] [2021-06-06T22:12:24.632Z] [runtime-status] [73371] Attempting to listen to socketPath: /var/folders/9j/6qy2ltn90kv8cf0tvdv_prt80000gn/T/fire_emu_73371.sock {"metadata":{"emulator":{"name":"functions"},"function":{"name":"us-central1-api"},"message":"[runtime-status] [73371] Attempting to listen to socketPath: /var/folders/9j/6qy2ltn90kv8cf0tvdv_prt80000gn/T/fire_emu_73371.sock"}}
[debug] [2021-06-06T22:12:24.636Z] [functions] Runtime ready! Sending request! {"metadata":{"emulator":{"name":"functions"},"message":"[functions] Runtime ready! Sending request!"}}
[debug] [2021-06-06T22:12:24.638Z] [functions] Got req.url=/clone-51973/us-central1/api/payments/create?total=31094, mapping to path=/payments/create?total=31094 {"metadata":{"emulator":{"name":"functions"},"message":"[functions] Got req.url=/clone-51973/us-central1/api/payments/create?total=31094, mapping to path=/payments/create?total=31094"}}
[debug] [2021-06-06T22:12:24.648Z] [runtime-status] [73371] Ephemeral server handling POST request {"metadata":{"emulator":{"name":"functions"},"function":{"name":"us-central1-api"},"message":"[runtime-status] [73371] Ephemeral server handling POST request"}}
[info] >  Payment Request Received 31094 {"user":"Payment Request Received 31094","metadata":{"emulator":{"name":"functions"},"function":{"name":"us-central1-api"},"message":"\u001b[90m> \u001b[39m Payment Request Received 31094"}}
[debug] [2021-06-06T22:12:24.664Z] [runtime-status] [73371] Ephemeral server survived. {"metadata":{"emulator":{"name":"functions"},"function":{"name":"us-central1-api"},"message":"[runtime-status] [73371] Ephemeral server survived."}}
[info] i  functions: Finished "us-central1-api" in ~1s {"metadata":{"emulator":{"name":"functions"},"function":{"name":"us-central1-api"},"message":"Finished \"us-central1-api\" in ~1s"}}
[debug] [2021-06-06T22:12:25.080Z] [worker-us-central1-api-4aa70d01-810c-4b50-b609-fd6a3811296f]: IDLE {"metadata":{"emulator":{"name":"functions"},"message":"[worker-us-central1-api-4aa70d01-810c-4b50-b609-fd6a3811296f]: IDLE"}}
[debug] [2021-06-06T22:12:25.080Z] [work-queue] {"queueLength":0,"workRunningCount":0}
[debug] [2021-06-06T22:13:28.718Z] [work-queue] {"queueLength":1,"workRunningCount":0}
[debug] [2021-06-06T22:13:28.719Z] [work-queue] {"queueLength":0,"workRunningCount":1}
[debug] [2021-06-06T22:13:28.719Z] Accepted request POST /clone-51973/us-central1/api/payments/create?total=0 --> us-central1-api
[debug] [2021-06-06T22:13:28.719Z] [worker-pool] submitWork(triggerId=us-central1-api) {"metadata":{"emulator":{"name":"functions"},"message":"[worker-pool] submitWork(triggerId=us-central1-api)"}}
[debug] [2021-06-06T22:13:28.720Z] [worker-us-central1-api-4aa70d01-810c-4b50-b609-fd6a3811296f]: Assigning socketPath: /var/folders/9j/6qy2ltn90kv8cf0tvdv_prt80000gn/T/fire_emu_73371.sock {"metadata":{"emulator":{"name":"functions"},"message":"[worker-us-central1-api-4aa70d01-810c-4b50-b609-fd6a3811296f]: Assigning socketPath: /var/folders/9j/6qy2ltn90kv8cf0tvdv_prt80000gn/T/fire_emu_73371.sock"}}
[debug] [2021-06-06T22:13:28.720Z] [worker-us-central1-api-4aa70d01-810c-4b50-b609-fd6a3811296f]: BUSY {"metadata":{"emulator":{"name":"functions"},"message":"[worker-us-central1-api-4aa70d01-810c-4b50-b609-fd6a3811296f]: BUSY"}}
[debug] [2021-06-06T22:13:28.722Z] [runtime-status] [73371] Trigger "us-central1-api" has been found, beginning invocation! {"metadata":{"emulator":{"name":"functions"},"function":{"name":"us-central1-api"},"message":"[runtime-status] [73371] Trigger \"us-central1-api\" has been found, beginning invocation!"}}
[info] i  functions: Beginning execution of "us-central1-api" {"metadata":{"emulator":{"name":"functions"},"function":{"name":"us-central1-api"},"message":"Beginning execution of \"us-central1-api\""}}
[debug] [2021-06-06T22:13:28.723Z] [runtime-status] [73371] triggerDefinition {"httpsTrigger":{},"name":"api","entryPoint":"api","regions":["us-central1"],"region":"us-central1","id":"us-central1-api"} {"metadata":{"emulator":{"name":"functions"},"function":{"name":"us-central1-api"},"message":"[runtime-status] [73371] triggerDefinition {\"httpsTrigger\":{},\"name\":\"api\",\"entryPoint\":\"api\",\"regions\":[\"us-central1\"],\"region\":\"us-central1\",\"id\":\"us-central1-api\"}"}}
[debug] [2021-06-06T22:13:28.723Z] [runtime-status] [73371] Running us-central1-api in mode HTTPS {"metadata":{"emulator":{"name":"functions"},"function":{"name":"us-central1-api"},"message":"[runtime-status] [73371] Running us-central1-api in mode HTTPS"}}
[debug] [2021-06-06T22:13:28.728Z] [runtime-status] [73371] Attempting to listen to socketPath: /var/folders/9j/6qy2ltn90kv8cf0tvdv_prt80000gn/T/fire_emu_73371.sock {"metadata":{"emulator":{"name":"functions"},"function":{"name":"us-central1-api"},"message":"[runtime-status] [73371] Attempting to listen to socketPath: /var/folders/9j/6qy2ltn90kv8cf0tvdv_prt80000gn/T/fire_emu_73371.sock"}}
[debug] [2021-06-06T22:13:28.791Z] [functions] Runtime ready! Sending request! {"metadata":{"emulator":{"name":"functions"},"message":"[functions] Runtime ready! Sending request!"}}
[debug] [2021-06-06T22:13:28.792Z] [functions] Got req.url=/clone-51973/us-central1/api/payments/create?total=0, mapping to path=/payments/create?total=0 {"metadata":{"emulator":{"name":"functions"},"message":"[functions] Got req.url=/clone-51973/us-central1/api/payments/create?total=0, mapping to path=/payments/create?total=0"}}
[debug] [2021-06-06T22:13:28.798Z] [runtime-status] [73371] Ephemeral server handling POST request {"metadata":{"emulator":{"name":"functions"},"function":{"name":"us-central1-api"},"message":"[runtime-status] [73371] Ephemeral server handling POST request"}}
[info] >  Payment Request Received 0 {"user":"Payment Request Received 0","metadata":{"emulator":{"name":"functions"},"function":{"name":"us-central1-api"},"message":"\u001b[90m> \u001b[39m Payment Request Received 0"}}
[debug] [2021-06-06T22:13:28.805Z] [runtime-status] [73371] Ephemeral server survived. {"metadata":{"emulator":{"name":"functions"},"function":{"name":"us-central1-api"},"message":"[runtime-status] [73371] Ephemeral server survived."}}
[info] >  /Users/ihposey/Desktop/AmazonClone/amazon-clone/functions/node_modules/stripe/lib/Error.js:40 {"user":"/Users/ihposey/Desktop/AmazonClone/amazon-clone/functions/node_modules/stripe/lib/Error.js:40","metadata":{"emulator":{"name":"functions"},"function":{"name":"us-central1-api"},"message":"\u001b[90m> \u001b[39m /Users/ihposey/Desktop/AmazonClone/amazon-clone/functions/node_modules/stripe/lib/Error.js:40"}}
[info] >          return new StripeInvalidRequestError(rawStripeError); {"user":"        return new StripeInvalidRequestError(rawStripeError);","metadata":{"emulator":{"name":"functions"},"function":{"name":"us-central1-api"},"message":"\u001b[90m> \u001b[39m         return new StripeInvalidRequestError(rawStripeError);"}}
[info] >                 ^ {"user":"               ^","metadata":{"emulator":{"name":"functions"},"function":{"name":"us-central1-api"},"message":"\u001b[90m> \u001b[39m                ^"}}
[info] >   {"user":"","metadata":{"emulator":{"name":"functions"},"function":{"name":"us-central1-api"},"message":"\u001b[90m> \u001b[39m "}}
[info] >  StripeInvalidRequestError: This value must be greater than or equal to 1. {"user":"StripeInvalidRequestError: This value must be greater than or equal to 1.","metadata":{"emulator":{"name":"functions"},"function":{"name":"us-central1-api"},"message":"\u001b[90m> \u001b[39m StripeInvalidRequestError: This value must be greater than or equal to 1."}}
[info] >      at Function.generate (/Users/ihposey/Desktop/AmazonClone/amazon-clone/functions/node_modules/stripe/lib/Error.js:40:16) {"user":"    at Function.generate (/Users/ihposey/Desktop/AmazonClone/amazon-clone/functions/node_modules/stripe/lib/Error.js:40:16)","metadata":{"emulator":{"name":"functions"},"function":{"name":"us-central1-api"},"message":"\u001b[90m> \u001b[39m     at Function.generate (/Users/ihposey/Desktop/AmazonClone/amazon-clone/functions/node_modules/stripe/lib/Error.js:40:16)"}}
[info] >      at IncomingMessage.<anonymous> (/Users/ihposey/Desktop/AmazonClone/amazon-clone/functions/node_modules/stripe/lib/StripeResource.js:180:33) {"user":"    at IncomingMessage.<anonymous> (/Users/ihposey/Desktop/AmazonClone/amazon-clone/functions/node_modules/stripe/lib/StripeResource.js:180:33)","metadata":{"emulator":{"name":"functions"},"function":{"name":"us-central1-api"},"message":"\u001b[90m> \u001b[39m     at IncomingMessage.<anonymous> (/Users/ihposey/Desktop/AmazonClone/amazon-clone/functions/node_modules/stripe/lib/StripeResource.js:180:33)"}}
[info] >      at Object.onceWrapper (node:events:484:28) {"user":"    at Object.onceWrapper (node:events:484:28)","metadata":{"emulator":{"name":"functions"},"function":{"name":"us-central1-api"},"message":"\u001b[90m> \u001b[39m     at Object.onceWrapper (node:events:484:28)"}}
[info] >      at IncomingMessage.emit (node:events:390:22) {"user":"    at IncomingMessage.emit (node:events:390:22)","metadata":{"emulator":{"name":"functions"},"function":{"name":"us-central1-api"},"message":"\u001b[90m> \u001b[39m     at IncomingMessage.emit (node:events:390:22)"}}
[info] >      at endReadableNT (node:internal/streams/readable:1307:12) {"user":"    at endReadableNT (node:internal/streams/readable:1307:12)","metadata":{"emulator":{"name":"functions"},"function":{"name":"us-central1-api"},"message":"\u001b[90m> \u001b[39m     at endReadableNT (node:internal/streams/readable:1307:12)"}}
[info] >      at processTicksAndRejections (node:internal/process/task_queues:81:21) { {"user":"    at processTicksAndRejections (node:internal/process/task_queues:81:21) {","metadata":{"emulator":{"name":"functions"},"function":{"name":"us-central1-api"},"message":"\u001b[90m> \u001b[39m     at processTicksAndRejections (node:internal/process/task_queues:81:21) {"}}
[info] >    type: 'StripeInvalidRequestError', {"user":"  type: 'StripeInvalidRequestError',","metadata":{"emulator":{"name":"functions"},"function":{"name":"us-central1-api"},"message":"\u001b[90m> \u001b[39m   type: 'StripeInvalidRequestError',"}}
[info] >    raw: { {"user":"  raw: {","metadata":{"emulator":{"name":"functions"},"function":{"name":"us-central1-api"},"message":"\u001b[90m> \u001b[39m   raw: {"}}
[info] >      code: 'parameter_invalid_integer', {"user":"    code: 'parameter_invalid_integer',","metadata":{"emulator":{"name":"functions"},"function":{"name":"us-central1-api"},"message":"\u001b[90m> \u001b[39m     code: 'parameter_invalid_integer',"}}
[info] >      doc_url: 'https://stripe.com/docs/error-codes/parameter-invalid-integer', {"user":"    doc_url: 'https://stripe.com/docs/error-codes/parameter-invalid-integer',","metadata":{"emulator":{"name":"functions"},"function":{"name":"us-central1-api"},"message":"\u001b[90m> \u001b[39m     doc_url: 'https://stripe.com/docs/error-codes/parameter-invalid-integer',"}}
[info] >      message: 'This value must be greater than or equal to 1.', {"user":"    message: 'This value must be greater than or equal to 1.',","metadata":{"emulator":{"name":"functions"},"function":{"name":"us-central1-api"},"message":"\u001b[90m> \u001b[39m     message: 'This value must be greater than or equal to 1.',"}}
[info] >      param: 'amount', {"user":"    param: 'amount',","metadata":{"emulator":{"name":"functions"},"function":{"name":"us-central1-api"},"message":"\u001b[90m> \u001b[39m     param: 'amount',"}}
[info] >      type: 'invalid_request_error', {"user":"    type: 'invalid_request_error',","metadata":{"emulator":{"name":"functions"},"function":{"name":"us-central1-api"},"message":"\u001b[90m> \u001b[39m     type: 'invalid_request_error',"}}
[info] >      headers: { {"user":"    headers: {","metadata":{"emulator":{"name":"functions"},"function":{"name":"us-central1-api"},"message":"\u001b[90m> \u001b[39m     headers: {"}}
[info] >        server: 'nginx', {"user":"      server: 'nginx',","metadata":{"emulator":{"name":"functions"},"function":{"name":"us-central1-api"},"message":"\u001b[90m> \u001b[39m       server: 'nginx',"}}
[info] >        date: 'Sun, 06 Jun 2021 22:13:28 GMT', {"user":"      date: 'Sun, 06 Jun 2021 22:13:28 GMT',","metadata":{"emulator":{"name":"functions"},"function":{"name":"us-central1-api"},"message":"\u001b[90m> \u001b[39m       date: 'Sun, 06 Jun 2021 22:13:28 GMT',"}}
[info] >        'content-type': 'application/json', {"user":"      'content-type': 'application/json',","metadata":{"emulator":{"name":"functions"},"function":{"name":"us-central1-api"},"message":"\u001b[90m> \u001b[39m       'content-type': 'application/json',"}}
[info] >        'content-length': '266', {"user":"      'content-length': '266',","metadata":{"emulator":{"name":"functions"},"function":{"name":"us-central1-api"},"message":"\u001b[90m> \u001b[39m       'content-length': '266',"}}
[info] >        connection: 'keep-alive', {"user":"      connection: 'keep-alive',","metadata":{"emulator":{"name":"functions"},"function":{"name":"us-central1-api"},"message":"\u001b[90m> \u001b[39m       connection: 'keep-alive',"}}
[info] >        'access-control-allow-credentials': 'true', {"user":"      'access-control-allow-credentials': 'true',","metadata":{"emulator":{"name":"functions"},"function":{"name":"us-central1-api"},"message":"\u001b[90m> \u001b[39m       'access-control-allow-credentials': 'true',"}}
[info] >        'access-control-allow-methods': 'GET, POST, HEAD, OPTIONS, DELETE', {"user":"      'access-control-allow-methods': 'GET, POST, HEAD, OPTIONS, DELETE',","metadata":{"emulator":{"name":"functions"},"function":{"name":"us-central1-api"},"message":"\u001b[90m> \u001b[39m       'access-control-allow-methods': 'GET, POST, HEAD, OPTIONS, DELETE',"}}
[info] >        'access-control-allow-origin': '*', {"user":"      'access-control-allow-origin': '*',","metadata":{"emulator":{"name":"functions"},"function":{"name":"us-central1-api"},"message":"\u001b[90m> \u001b[39m       'access-control-allow-origin': '*',"}}
[info] >        'access-control-expose-headers': 'Request-Id, Stripe-Manage-Version, X-Stripe-External-Auth-Required, X-Stripe-Privileged-Session-Required', {"user":"      'access-control-expose-headers': 'Request-Id, Stripe-Manage-Version, X-Stripe-External-Auth-Required, X-Stripe-Privileged-Session-Required',","metadata":{"emulator":{"name":"functions"},"function":{"name":"us-central1-api"},"message":"\u001b[90m> \u001b[39m       'access-control-expose-headers': 'Request-Id, Stripe-Manage-Version, X-Stripe-External-Auth-Required, X-Stripe-Privileged-Session-Required',"}}
[info] >        'access-control-max-age': '300', {"user":"      'access-control-max-age': '300',","metadata":{"emulator":{"name":"functions"},"function":{"name":"us-central1-api"},"message":"\u001b[90m> \u001b[39m       'access-control-max-age': '300',"}}
[info] >        'cache-control': 'no-cache, no-store', {"user":"      'cache-control': 'no-cache, no-store',","metadata":{"emulator":{"name":"functions"},"function":{"name":"us-central1-api"},"message":"\u001b[90m> \u001b[39m       'cache-control': 'no-cache, no-store',"}}
[info] >        'request-id': 'req_qQl4AaRbRTeS1r', {"user":"      'request-id': 'req_qQl4AaRbRTeS1r',","metadata":{"emulator":{"name":"functions"},"function":{"name":"us-central1-api"},"message":"\u001b[90m> \u001b[39m       'request-id': 'req_qQl4AaRbRTeS1r',"}}
[info] >        'stripe-version': '2020-08-27', {"user":"      'stripe-version': '2020-08-27',","metadata":{"emulator":{"name":"functions"},"function":{"name":"us-central1-api"},"message":"\u001b[90m> \u001b[39m       'stripe-version': '2020-08-27',"}}
[info] >        'x-stripe-c-cost': '0', {"user":"      'x-stripe-c-cost': '0',","metadata":{"emulator":{"name":"functions"},"function":{"name":"us-central1-api"},"message":"\u001b[90m> \u001b[39m       'x-stripe-c-cost': '0',"}}
[info] >        'strict-transport-security': 'max-age=31556926; includeSubDomains; preload' {"user":"      'strict-transport-security': 'max-age=31556926; includeSubDomains; preload'","metadata":{"emulator":{"name":"functions"},"function":{"name":"us-central1-api"},"message":"\u001b[90m> \u001b[39m       'strict-transport-security': 'max-age=31556926; includeSubDomains; preload'"}}
[info] >      }, {"user":"    },","metadata":{"emulator":{"name":"functions"},"function":{"name":"us-central1-api"},"message":"\u001b[90m> \u001b[39m     },"}}
[info] >      statusCode: 400, {"user":"    statusCode: 400,","metadata":{"emulator":{"name":"functions"},"function":{"name":"us-central1-api"},"message":"\u001b[90m> \u001b[39m     statusCode: 400,"}}
[info] >      requestId: 'req_qQl4AaRbRTeS1r' {"user":"    requestId: 'req_qQl4AaRbRTeS1r'","metadata":{"emulator":{"name":"functions"},"function":{"name":"us-central1-api"},"message":"\u001b[90m> \u001b[39m     requestId: 'req_qQl4AaRbRTeS1r'"}}
[info] >    }, {"user":"  },","metadata":{"emulator":{"name":"functions"},"function":{"name":"us-central1-api"},"message":"\u001b[90m> \u001b[39m   },"}}
[info] >    rawType: 'invalid_request_error', {"user":"  rawType: 'invalid_request_error',","metadata":{"emulator":{"name":"functions"},"function":{"name":"us-central1-api"},"message":"\u001b[90m> \u001b[39m   rawType: 'invalid_request_error',"}}
[info] >    code: 'parameter_invalid_integer', {"user":"  code: 'parameter_invalid_integer',","metadata":{"emulator":{"name":"functions"},"function":{"name":"us-central1-api"},"message":"\u001b[90m> \u001b[39m   code: 'parameter_invalid_integer',"}}
[info] >    doc_url: 'https://stripe.com/docs/error-codes/parameter-invalid-integer', {"user":"  doc_url: 'https://stripe.com/docs/error-codes/parameter-invalid-integer',","metadata":{"emulator":{"name":"functions"},"function":{"name":"us-central1-api"},"message":"\u001b[90m> \u001b[39m   doc_url: 'https://stripe.com/docs/error-codes/parameter-invalid-integer',"}}
[info] >    param: 'amount', {"user":"  param: 'amount',","metadata":{"emulator":{"name":"functions"},"function":{"name":"us-central1-api"},"message":"\u001b[90m> \u001b[39m   param: 'amount',"}}
[info] >    detail: undefined, {"user":"  detail: undefined,","metadata":{"emulator":{"name":"functions"},"function":{"name":"us-central1-api"},"message":"\u001b[90m> \u001b[39m   detail: undefined,"}}
[info] >    headers: { {"user":"  headers: {","metadata":{"emulator":{"name":"functions"},"function":{"name":"us-central1-api"},"message":"\u001b[90m> \u001b[39m   headers: {"}}
[info] >      server: 'nginx', {"user":"    server: 'nginx',","metadata":{"emulator":{"name":"functions"},"function":{"name":"us-central1-api"},"message":"\u001b[90m> \u001b[39m     server: 'nginx',"}}
[info] >      date: 'Sun, 06 Jun 2021 22:13:28 GMT', {"user":"    date: 'Sun, 06 Jun 2021 22:13:28 GMT',","metadata":{"emulator":{"name":"functions"},"function":{"name":"us-central1-api"},"message":"\u001b[90m> \u001b[39m     date: 'Sun, 06 Jun 2021 22:13:28 GMT',"}}
[info] >      'content-type': 'application/json', {"user":"    'content-type': 'application/json',","metadata":{"emulator":{"name":"functions"},"function":{"name":"us-central1-api"},"message":"\u001b[90m> \u001b[39m     'content-type': 'application/json',"}}
[info] >      'content-length': '266', {"user":"    'content-length': '266',","metadata":{"emulator":{"name":"functions"},"function":{"name":"us-central1-api"},"message":"\u001b[90m> \u001b[39m     'content-length': '266',"}}
[info] >      connection: 'keep-alive', {"user":"    connection: 'keep-alive',","metadata":{"emulator":{"name":"functions"},"function":{"name":"us-central1-api"},"message":"\u001b[90m> \u001b[39m     connection: 'keep-alive',"}}
[info] >      'access-control-allow-credentials': 'true', {"user":"    'access-control-allow-credentials': 'true',","metadata":{"emulator":{"name":"functions"},"function":{"name":"us-central1-api"},"message":"\u001b[90m> \u001b[39m     'access-control-allow-credentials': 'true',"}}
[info] >      'access-control-allow-methods': 'GET, POST, HEAD, OPTIONS, DELETE', {"user":"    'access-control-allow-methods': 'GET, POST, HEAD, OPTIONS, DELETE',","metadata":{"emulator":{"name":"functions"},"function":{"name":"us-central1-api"},"message":"\u001b[90m> \u001b[39m     'access-control-allow-methods': 'GET, POST, HEAD, OPTIONS, DELETE',"}}
[info] >      'access-control-allow-origin': '*', {"user":"    'access-control-allow-origin': '*',","metadata":{"emulator":{"name":"functions"},"function":{"name":"us-central1-api"},"message":"\u001b[90m> \u001b[39m     'access-control-allow-origin': '*',"}}
[info] >      'access-control-expose-headers': 'Request-Id, Stripe-Manage-Version, X-Stripe-External-Auth-Required, X-Stripe-Privileged-Session-Required', {"user":"    'access-control-expose-headers': 'Request-Id, Stripe-Manage-Version, X-Stripe-External-Auth-Required, X-Stripe-Privileged-Session-Required',","metadata":{"emulator":{"name":"functions"},"function":{"name":"us-central1-api"},"message":"\u001b[90m> \u001b[39m     'access-control-expose-headers': 'Request-Id, Stripe-Manage-Version, X-Stripe-External-Auth-Required, X-Stripe-Privileged-Session-Required',"}}
[info] >      'access-control-max-age': '300', {"user":"    'access-control-max-age': '300',","metadata":{"emulator":{"name":"functions"},"function":{"name":"us-central1-api"},"message":"\u001b[90m> \u001b[39m     'access-control-max-age': '300',"}}
[info] >      'cache-control': 'no-cache, no-store', {"user":"    'cache-control': 'no-cache, no-store',","metadata":{"emulator":{"name":"functions"},"function":{"name":"us-central1-api"},"message":"\u001b[90m> \u001b[39m     'cache-control': 'no-cache, no-store',"}}
[info] >      'request-id': 'req_qQl4AaRbRTeS1r', {"user":"    'request-id': 'req_qQl4AaRbRTeS1r',","metadata":{"emulator":{"name":"functions"},"function":{"name":"us-central1-api"},"message":"\u001b[90m> \u001b[39m     'request-id': 'req_qQl4AaRbRTeS1r',"}}
[info] >      'stripe-version': '2020-08-27', {"user":"    'stripe-version': '2020-08-27',","metadata":{"emulator":{"name":"functions"},"function":{"name":"us-central1-api"},"message":"\u001b[90m> \u001b[39m     'stripe-version': '2020-08-27',"}}
[info] >      'x-stripe-c-cost': '0', {"user":"    'x-stripe-c-cost': '0',","metadata":{"emulator":{"name":"functions"},"function":{"name":"us-central1-api"},"message":"\u001b[90m> \u001b[39m     'x-stripe-c-cost': '0',"}}
[info] >      'strict-transport-security': 'max-age=31556926; includeSubDomains; preload' {"user":"    'strict-transport-security': 'max-age=31556926; includeSubDomains; preload'","metadata":{"emulator":{"name":"functions"},"function":{"name":"us-central1-api"},"message":"\u001b[90m> \u001b[39m     'strict-transport-security': 'max-age=31556926; includeSubDomains; preload'"}}
[info] >    }, {"user":"  },","metadata":{"emulator":{"name":"functions"},"function":{"name":"us-central1-api"},"message":"\u001b[90m> \u001b[39m   },"}}
[info] >    requestId: 'req_qQl4AaRbRTeS1r', {"user":"  requestId: 'req_qQl4AaRbRTeS1r',","metadata":{"emulator":{"name":"functions"},"function":{"name":"us-central1-api"},"message":"\u001b[90m> \u001b[39m   requestId: 'req_qQl4AaRbRTeS1r',"}}
[info] >    statusCode: 400, {"user":"  statusCode: 400,","metadata":{"emulator":{"name":"functions"},"function":{"name":"us-central1-api"},"message":"\u001b[90m> \u001b[39m   statusCode: 400,"}}
[info] >    charge: undefined, {"user":"  charge: undefined,","metadata":{"emulator":{"name":"functions"},"function":{"name":"us-central1-api"},"message":"\u001b[90m> \u001b[39m   charge: undefined,"}}
[info] >    decline_code: undefined, {"user":"  decline_code: undefined,","metadata":{"emulator":{"name":"functions"},"function":{"name":"us-central1-api"},"message":"\u001b[90m> \u001b[39m   decline_code: undefined,"}}
[info] >    payment_intent: undefined, {"user":"  payment_intent: undefined,","metadata":{"emulator":{"name":"functions"},"function":{"name":"us-central1-api"},"message":"\u001b[90m> \u001b[39m   payment_intent: undefined,"}}
[info] >    payment_method: undefined, {"user":"  payment_method: undefined,","metadata":{"emulator":{"name":"functions"},"function":{"name":"us-central1-api"},"message":"\u001b[90m> \u001b[39m   payment_method: undefined,"}}
[info] >    payment_method_type: undefined, {"user":"  payment_method_type: undefined,","metadata":{"emulator":{"name":"functions"},"function":{"name":"us-central1-api"},"message":"\u001b[90m> \u001b[39m   payment_method_type: undefined,"}}
[info] >    setup_intent: undefined, {"user":"  setup_intent: undefined,","metadata":{"emulator":{"name":"functions"},"function":{"name":"us-central1-api"},"message":"\u001b[90m> \u001b[39m   setup_intent: undefined,"}}
[info] >    source: undefined {"user":"  source: undefined","metadata":{"emulator":{"name":"functions"},"function":{"name":"us-central1-api"},"message":"\u001b[90m> \u001b[39m   source: undefined"}}
[info] >  } {"user":"}","metadata":{"emulator":{"name":"functions"},"function":{"name":"us-central1-api"},"message":"\u001b[90m> \u001b[39m }"}}
[debug] [2021-06-06T22:13:28.944Z] [worker-us-central1-api-4aa70d01-810c-4b50-b609-fd6a3811296f]: exited {"metadata":{"emulator":{"name":"functions"},"message":"[worker-us-central1-api-4aa70d01-810c-4b50-b609-fd6a3811296f]: exited"}}
[debug] [2021-06-06T22:13:28.944Z] [worker-us-central1-api-4aa70d01-810c-4b50-b609-fd6a3811296f]: FINISHED {"metadata":{"emulator":{"name":"functions"},"message":"[worker-us-central1-api-4aa70d01-810c-4b50-b609-fd6a3811296f]: FINISHED"}}
[debug] [2021-06-06T22:13:28.944Z] [work-queue] {"queueLength":0,"workRunningCount":0}
[debug] [2021-06-06T22:17:21.336Z] [work-queue] {"queueLength":1,"workRunningCount":0}
[debug] [2021-06-06T22:17:21.337Z] [work-queue] {"queueLength":0,"workRunningCount":1}
[debug] [2021-06-06T22:17:21.337Z] Accepted request POST /clone-51973/us-central1/api/payments/create?total=2392 --> us-central1-api
[debug] [2021-06-06T22:17:21.338Z] [worker-pool] Cleaned up workers for us-central1-api: 1 --> 0 {"metadata":{"emulator":{"name":"functions"},"message":"[worker-pool] Cleaned up workers for us-central1-api: 1 --> 0"}}
[debug] [2021-06-06T22:17:21.356Z] [worker-pool] addWorker(us-central1-api) {"metadata":{"emulator":{"name":"functions"},"message":"[worker-pool] addWorker(us-central1-api)"}}
[debug] [2021-06-06T22:17:21.356Z] [worker-pool] Adding worker with key us-central1-api, total=1 {"metadata":{"emulator":{"name":"functions"},"message":"[worker-pool] Adding worker with key us-central1-api, total=1"}}
[debug] [2021-06-06T22:17:21.356Z] [worker-pool] submitWork(triggerId=us-central1-api) {"metadata":{"emulator":{"name":"functions"},"message":"[worker-pool] submitWork(triggerId=us-central1-api)"}}
[debug] [2021-06-06T22:17:21.356Z] [worker-us-central1-api-24e344c5-1216-4edf-ac92-efaec862f814]: Assigning socketPath: /var/folders/9j/6qy2ltn90kv8cf0tvdv_prt80000gn/T/fire_emu_73434.sock {"metadata":{"emulator":{"name":"functions"},"message":"[worker-us-central1-api-24e344c5-1216-4edf-ac92-efaec862f814]: Assigning socketPath: /var/folders/9j/6qy2ltn90kv8cf0tvdv_prt80000gn/T/fire_emu_73434.sock"}}
[debug] [2021-06-06T22:17:21.357Z] [worker-us-central1-api-24e344c5-1216-4edf-ac92-efaec862f814]: BUSY {"metadata":{"emulator":{"name":"functions"},"message":"[worker-us-central1-api-24e344c5-1216-4edf-ac92-efaec862f814]: BUSY"}}
[debug] [2021-06-06T22:17:21.546Z] [runtime-status] [73434] Functions runtime initialized. {"cwd":"/Users/ihposey/Desktop/AmazonClone/amazon-clone/functions","node_version":"15.11.0"} {"metadata":{"emulator":{"name":"functions"},"function":{"name":"us-central1-api"},"message":"[runtime-status] [73434] Functions runtime initialized. {\"cwd\":\"/Users/ihposey/Desktop/AmazonClone/amazon-clone/functions\",\"node_version\":\"15.11.0\"}"}}
[debug] [2021-06-06T22:17:21.547Z] [runtime-status] [73434] Disabled runtime features: undefined {"metadata":{"emulator":{"name":"functions"},"function":{"name":"us-central1-api"},"message":"[runtime-status] [73434] Disabled runtime features: undefined"}}
[debug] [2021-06-06T22:17:21.549Z] [runtime-status] [73434] Resolved module firebase-admin {"declared":true,"installed":true,"version":"9.9.0","resolution":"/Users/ihposey/Desktop/AmazonClone/amazon-clone/functions/node_modules/firebase-admin/lib/index.js"} {"metadata":{"emulator":{"name":"functions"},"function":{"name":"us-central1-api"},"message":"[runtime-status] [73434] Resolved module firebase-admin {\"declared\":true,\"installed\":true,\"version\":\"9.9.0\",\"resolution\":\"/Users/ihposey/Desktop/AmazonClone/amazon-clone/functions/node_modules/firebase-admin/lib/index.js\"}"}}
[debug] [2021-06-06T22:17:21.550Z] [runtime-status] [73434] Resolved module firebase-functions {"declared":true,"installed":true,"version":"3.14.1","resolution":"/Users/ihposey/Desktop/AmazonClone/amazon-clone/functions/node_modules/firebase-functions/lib/index.js"} {"metadata":{"emulator":{"name":"functions"},"function":{"name":"us-central1-api"},"message":"[runtime-status] [73434] Resolved module firebase-functions {\"declared\":true,\"installed\":true,\"version\":\"3.14.1\",\"resolution\":\"/Users/ihposey/Desktop/AmazonClone/amazon-clone/functions/node_modules/firebase-functions/lib/index.js\"}"}}
[debug] [2021-06-06T22:17:21.552Z] [runtime-status] [73434] Resolved module firebase-functions {"declared":true,"installed":true,"version":"3.14.1","resolution":"/Users/ihposey/Desktop/AmazonClone/amazon-clone/functions/node_modules/firebase-functions/lib/index.js"} {"metadata":{"emulator":{"name":"functions"},"function":{"name":"us-central1-api"},"message":"[runtime-status] [73434] Resolved module firebase-functions {\"declared\":true,\"installed\":true,\"version\":\"3.14.1\",\"resolution\":\"/Users/ihposey/Desktop/AmazonClone/amazon-clone/functions/node_modules/firebase-functions/lib/index.js\"}"}}
[debug] [2021-06-06T22:17:21.553Z] [runtime-status] [73434] Outgoing network have been stubbed. [{"name":"http","status":"mocked"},{"name":"http","status":"mocked"},{"name":"https","status":"mocked"},{"name":"https","status":"mocked"},{"name":"net","status":"mocked"}] {"metadata":{"emulator":{"name":"functions"},"function":{"name":"us-central1-api"},"message":"[runtime-status] [73434] Outgoing network have been stubbed. [{\"name\":\"http\",\"status\":\"mocked\"},{\"name\":\"http\",\"status\":\"mocked\"},{\"name\":\"https\",\"status\":\"mocked\"},{\"name\":\"https\",\"status\":\"mocked\"},{\"name\":\"net\",\"status\":\"mocked\"}]"}}
[debug] [2021-06-06T22:17:21.553Z] [runtime-status] [73434] Resolved module firebase-functions {"declared":true,"installed":true,"version":"3.14.1","resolution":"/Users/ihposey/Desktop/AmazonClone/amazon-clone/functions/node_modules/firebase-functions/lib/index.js"} {"metadata":{"emulator":{"name":"functions"},"function":{"name":"us-central1-api"},"message":"[runtime-status] [73434] Resolved module firebase-functions {\"declared\":true,\"installed\":true,\"version\":\"3.14.1\",\"resolution\":\"/Users/ihposey/Desktop/AmazonClone/amazon-clone/functions/node_modules/firebase-functions/lib/index.js\"}"}}
[debug] [2021-06-06T22:17:21.587Z] [runtime-status] [73434] Checked functions.config() {"config":{}} {"metadata":{"emulator":{"name":"functions"},"function":{"name":"us-central1-api"},"message":"[runtime-status] [73434] Checked functions.config() {\"config\":{}}"}}
[debug] [2021-06-06T22:17:21.588Z] [runtime-status] [73434] firebase-functions has been stubbed. {"functionsResolution":{"declared":true,"installed":true,"version":"3.14.1","resolution":"/Users/ihposey/Desktop/AmazonClone/amazon-clone/functions/node_modules/firebase-functions/lib/index.js"}} {"metadata":{"emulator":{"name":"functions"},"function":{"name":"us-central1-api"},"message":"[runtime-status] [73434] firebase-functions has been stubbed. {\"functionsResolution\":{\"declared\":true,\"installed\":true,\"version\":\"3.14.1\",\"resolution\":\"/Users/ihposey/Desktop/AmazonClone/amazon-clone/functions/node_modules/firebase-functions/lib/index.js\"}}"}}
[debug] [2021-06-06T22:17:21.588Z] [runtime-status] [73434] Resolved module firebase-functions {"declared":true,"installed":true,"version":"3.14.1","resolution":"/Users/ihposey/Desktop/AmazonClone/amazon-clone/functions/node_modules/firebase-functions/lib/index.js"} {"metadata":{"emulator":{"name":"functions"},"function":{"name":"us-central1-api"},"message":"[runtime-status] [73434] Resolved module firebase-functions {\"declared\":true,\"installed\":true,\"version\":\"3.14.1\",\"resolution\":\"/Users/ihposey/Desktop/AmazonClone/amazon-clone/functions/node_modules/firebase-functions/lib/index.js\"}"}}
[debug] [2021-06-06T22:17:21.588Z] [runtime-status] [73434] Resolved module firebase-admin {"declared":true,"installed":true,"version":"9.9.0","resolution":"/Users/ihposey/Desktop/AmazonClone/amazon-clone/functions/node_modules/firebase-admin/lib/index.js"} {"metadata":{"emulator":{"name":"functions"},"function":{"name":"us-central1-api"},"message":"[runtime-status] [73434] Resolved module firebase-admin {\"declared\":true,\"installed\":true,\"version\":\"9.9.0\",\"resolution\":\"/Users/ihposey/Desktop/AmazonClone/amazon-clone/functions/node_modules/firebase-admin/lib/index.js\"}"}}
[debug] [2021-06-06T22:17:21.588Z] [runtime-status] [73434] Resolved module firebase-functions {"declared":true,"installed":true,"version":"3.14.1","resolution":"/Users/ihposey/Desktop/AmazonClone/amazon-clone/functions/node_modules/firebase-functions/lib/index.js"} {"metadata":{"emulator":{"name":"functions"},"function":{"name":"us-central1-api"},"message":"[runtime-status] [73434] Resolved module firebase-functions {\"declared\":true,\"installed\":true,\"version\":\"3.14.1\",\"resolution\":\"/Users/ihposey/Desktop/AmazonClone/amazon-clone/functions/node_modules/firebase-functions/lib/index.js\"}"}}
[debug] [2021-06-06T22:17:21.588Z] [runtime-status] [73434] firebase-admin has been stubbed. {"adminResolution":{"declared":true,"installed":true,"version":"9.9.0","resolution":"/Users/ihposey/Desktop/AmazonClone/amazon-clone/functions/node_modules/firebase-admin/lib/index.js"}} {"metadata":{"emulator":{"name":"functions"},"function":{"name":"us-central1-api"},"message":"[runtime-status] [73434] firebase-admin has been stubbed. {\"adminResolution\":{\"declared\":true,\"installed\":true,\"version\":\"9.9.0\",\"resolution\":\"/Users/ihposey/Desktop/AmazonClone/amazon-clone/functions/node_modules/firebase-admin/lib/index.js\"}}"}}
[debug] [2021-06-06T22:17:21.678Z] [runtime-status] [73434] Trigger "us-central1-api" has been found, beginning invocation! {"metadata":{"emulator":{"name":"functions"},"function":{"name":"us-central1-api"},"message":"[runtime-status] [73434] Trigger \"us-central1-api\" has been found, beginning invocation!"}}
[info] i  functions: Beginning execution of "us-central1-api" {"metadata":{"emulator":{"name":"functions"},"function":{"name":"us-central1-api"},"message":"Beginning execution of \"us-central1-api\""}}
[debug] [2021-06-06T22:17:21.678Z] [runtime-status] [73434] triggerDefinition {"httpsTrigger":{},"name":"api","entryPoint":"api","regions":["us-central1"],"region":"us-central1","id":"us-central1-api"} {"metadata":{"emulator":{"name":"functions"},"function":{"name":"us-central1-api"},"message":"[runtime-status] [73434] triggerDefinition {\"httpsTrigger\":{},\"name\":\"api\",\"entryPoint\":\"api\",\"regions\":[\"us-central1\"],\"region\":\"us-central1\",\"id\":\"us-central1-api\"}"}}
[debug] [2021-06-06T22:17:21.678Z] [runtime-status] [73434] Running us-central1-api in mode HTTPS {"metadata":{"emulator":{"name":"functions"},"function":{"name":"us-central1-api"},"message":"[runtime-status] [73434] Running us-central1-api in mode HTTPS"}}
[debug] [2021-06-06T22:17:21.681Z] [runtime-status] [73434] Attempting to listen to socketPath: /var/folders/9j/6qy2ltn90kv8cf0tvdv_prt80000gn/T/fire_emu_73434.sock {"metadata":{"emulator":{"name":"functions"},"function":{"name":"us-central1-api"},"message":"[runtime-status] [73434] Attempting to listen to socketPath: /var/folders/9j/6qy2ltn90kv8cf0tvdv_prt80000gn/T/fire_emu_73434.sock"}}
[debug] [2021-06-06T22:17:21.685Z] [functions] Runtime ready! Sending request! {"metadata":{"emulator":{"name":"functions"},"message":"[functions] Runtime ready! Sending request!"}}
[debug] [2021-06-06T22:17:21.686Z] [functions] Got req.url=/clone-51973/us-central1/api/payments/create?total=2392, mapping to path=/payments/create?total=2392 {"metadata":{"emulator":{"name":"functions"},"message":"[functions] Got req.url=/clone-51973/us-central1/api/payments/create?total=2392, mapping to path=/payments/create?total=2392"}}
[debug] [2021-06-06T22:17:21.694Z] [runtime-status] [73434] Ephemeral server handling POST request {"metadata":{"emulator":{"name":"functions"},"function":{"name":"us-central1-api"},"message":"[runtime-status] [73434] Ephemeral server handling POST request"}}
[info] >  Payment Request Received 2392 {"user":"Payment Request Received 2392","metadata":{"emulator":{"name":"functions"},"function":{"name":"us-central1-api"},"message":"\u001b[90m> \u001b[39m Payment Request Received 2392"}}
[debug] [2021-06-06T22:17:21.710Z] [runtime-status] [73434] Ephemeral server survived. {"metadata":{"emulator":{"name":"functions"},"function":{"name":"us-central1-api"},"message":"[runtime-status] [73434] Ephemeral server survived."}}
[info] i  functions: Finished "us-central1-api" in ~1s {"metadata":{"emulator":{"name":"functions"},"function":{"name":"us-central1-api"},"message":"Finished \"us-central1-api\" in ~1s"}}
[debug] [2021-06-06T22:17:22.119Z] [worker-us-central1-api-24e344c5-1216-4edf-ac92-efaec862f814]: IDLE {"metadata":{"emulator":{"name":"functions"},"message":"[worker-us-central1-api-24e344c5-1216-4edf-ac92-efaec862f814]: IDLE"}}
[debug] [2021-06-06T22:17:22.119Z] [work-queue] {"queueLength":0,"workRunningCount":0}
[debug] [2021-06-06T22:17:31.041Z] [work-queue] {"queueLength":1,"workRunningCount":0}
[debug] [2021-06-06T22:17:31.042Z] [work-queue] {"queueLength":0,"workRunningCount":1}
[debug] [2021-06-06T22:17:31.042Z] Accepted request POST /clone-51973/us-central1/api/payments/create?total=0 --> us-central1-api
[debug] [2021-06-06T22:17:31.042Z] [worker-pool] submitWork(triggerId=us-central1-api) {"metadata":{"emulator":{"name":"functions"},"message":"[worker-pool] submitWork(triggerId=us-central1-api)"}}
[debug] [2021-06-06T22:17:31.043Z] [worker-us-central1-api-24e344c5-1216-4edf-ac92-efaec862f814]: Assigning socketPath: /var/folders/9j/6qy2ltn90kv8cf0tvdv_prt80000gn/T/fire_emu_73434.sock {"metadata":{"emulator":{"name":"functions"},"message":"[worker-us-central1-api-24e344c5-1216-4edf-ac92-efaec862f814]: Assigning socketPath: /var/folders/9j/6qy2ltn90kv8cf0tvdv_prt80000gn/T/fire_emu_73434.sock"}}
[debug] [2021-06-06T22:17:31.043Z] [worker-us-central1-api-24e344c5-1216-4edf-ac92-efaec862f814]: BUSY {"metadata":{"emulator":{"name":"functions"},"message":"[worker-us-central1-api-24e344c5-1216-4edf-ac92-efaec862f814]: BUSY"}}
[debug] [2021-06-06T22:17:31.044Z] [runtime-status] [73434] Trigger "us-central1-api" has been found, beginning invocation! {"metadata":{"emulator":{"name":"functions"},"function":{"name":"us-central1-api"},"message":"[runtime-status] [73434] Trigger \"us-central1-api\" has been found, beginning invocation!"}}
[info] i  functions: Beginning execution of "us-central1-api" {"metadata":{"emulator":{"name":"functions"},"function":{"name":"us-central1-api"},"message":"Beginning execution of \"us-central1-api\""}}
[debug] [2021-06-06T22:17:31.044Z] [runtime-status] [73434] triggerDefinition {"httpsTrigger":{},"name":"api","entryPoint":"api","regions":["us-central1"],"region":"us-central1","id":"us-central1-api"} {"metadata":{"emulator":{"name":"functions"},"function":{"name":"us-central1-api"},"message":"[runtime-status] [73434] triggerDefinition {\"httpsTrigger\":{},\"name\":\"api\",\"entryPoint\":\"api\",\"regions\":[\"us-central1\"],\"region\":\"us-central1\",\"id\":\"us-central1-api\"}"}}
[debug] [2021-06-06T22:17:31.045Z] [runtime-status] [73434] Running us-central1-api in mode HTTPS {"metadata":{"emulator":{"name":"functions"},"function":{"name":"us-central1-api"},"message":"[runtime-status] [73434] Running us-central1-api in mode HTTPS"}}
[debug] [2021-06-06T22:17:31.046Z] [runtime-status] [73434] Attempting to listen to socketPath: /var/folders/9j/6qy2ltn90kv8cf0tvdv_prt80000gn/T/fire_emu_73434.sock {"metadata":{"emulator":{"name":"functions"},"function":{"name":"us-central1-api"},"message":"[runtime-status] [73434] Attempting to listen to socketPath: /var/folders/9j/6qy2ltn90kv8cf0tvdv_prt80000gn/T/fire_emu_73434.sock"}}
[debug] [2021-06-06T22:17:31.055Z] [functions] Runtime ready! Sending request! {"metadata":{"emulator":{"name":"functions"},"message":"[functions] Runtime ready! Sending request!"}}
[debug] [2021-06-06T22:17:31.055Z] [functions] Got req.url=/clone-51973/us-central1/api/payments/create?total=0, mapping to path=/payments/create?total=0 {"metadata":{"emulator":{"name":"functions"},"message":"[functions] Got req.url=/clone-51973/us-central1/api/payments/create?total=0, mapping to path=/payments/create?total=0"}}
[debug] [2021-06-06T22:17:31.063Z] [runtime-status] [73434] Ephemeral server handling POST request {"metadata":{"emulator":{"name":"functions"},"function":{"name":"us-central1-api"},"message":"[runtime-status] [73434] Ephemeral server handling POST request"}}
[info] >  Payment Request Received 0 {"user":"Payment Request Received 0","metadata":{"emulator":{"name":"functions"},"function":{"name":"us-central1-api"},"message":"\u001b[90m> \u001b[39m Payment Request Received 0"}}
[debug] [2021-06-06T22:17:31.072Z] [runtime-status] [73434] Ephemeral server survived. {"metadata":{"emulator":{"name":"functions"},"function":{"name":"us-central1-api"},"message":"[runtime-status] [73434] Ephemeral server survived."}}
[info] >  /Users/ihposey/Desktop/AmazonClone/amazon-clone/functions/node_modules/stripe/lib/Error.js:40 {"user":"/Users/ihposey/Desktop/AmazonClone/amazon-clone/functions/node_modules/stripe/lib/Error.js:40","metadata":{"emulator":{"name":"functions"},"function":{"name":"us-central1-api"},"message":"\u001b[90m> \u001b[39m /Users/ihposey/Desktop/AmazonClone/amazon-clone/functions/node_modules/stripe/lib/Error.js:40"}}
[info] >          return new StripeInvalidRequestError(rawStripeError); {"user":"        return new StripeInvalidRequestError(rawStripeError);","metadata":{"emulator":{"name":"functions"},"function":{"name":"us-central1-api"},"message":"\u001b[90m> \u001b[39m         return new StripeInvalidRequestError(rawStripeError);"}}
[info] >                 ^ {"user":"               ^","metadata":{"emulator":{"name":"functions"},"function":{"name":"us-central1-api"},"message":"\u001b[90m> \u001b[39m                ^"}}
[info] >   {"user":"","metadata":{"emulator":{"name":"functions"},"function":{"name":"us-central1-api"},"message":"\u001b[90m> \u001b[39m "}}
[info] >  StripeInvalidRequestError: This value must be greater than or equal to 1. {"user":"StripeInvalidRequestError: This value must be greater than or equal to 1.","metadata":{"emulator":{"name":"functions"},"function":{"name":"us-central1-api"},"message":"\u001b[90m> \u001b[39m StripeInvalidRequestError: This value must be greater than or equal to 1."}}
[info] >      at Function.generate (/Users/ihposey/Desktop/AmazonClone/amazon-clone/functions/node_modules/stripe/lib/Error.js:40:16) {"user":"    at Function.generate (/Users/ihposey/Desktop/AmazonClone/amazon-clone/functions/node_modules/stripe/lib/Error.js:40:16)","metadata":{"emulator":{"name":"functions"},"function":{"name":"us-central1-api"},"message":"\u001b[90m> \u001b[39m     at Function.generate (/Users/ihposey/Desktop/AmazonClone/amazon-clone/functions/node_modules/stripe/lib/Error.js:40:16)"}}
[info] >      at IncomingMessage.<anonymous> (/Users/ihposey/Desktop/AmazonClone/amazon-clone/functions/node_modules/stripe/lib/StripeResource.js:180:33) {"user":"    at IncomingMessage.<anonymous> (/Users/ihposey/Desktop/AmazonClone/amazon-clone/functions/node_modules/stripe/lib/StripeResource.js:180:33)","metadata":{"emulator":{"name":"functions"},"function":{"name":"us-central1-api"},"message":"\u001b[90m> \u001b[39m     at IncomingMessage.<anonymous> (/Users/ihposey/Desktop/AmazonClone/amazon-clone/functions/node_modules/stripe/lib/StripeResource.js:180:33)"}}
[info] >      at Object.onceWrapper (node:events:484:28) {"user":"    at Object.onceWrapper (node:events:484:28)","metadata":{"emulator":{"name":"functions"},"function":{"name":"us-central1-api"},"message":"\u001b[90m> \u001b[39m     at Object.onceWrapper (node:events:484:28)"}}
[info] >      at IncomingMessage.emit (node:events:390:22) {"user":"    at IncomingMessage.emit (node:events:390:22)","metadata":{"emulator":{"name":"functions"},"function":{"name":"us-central1-api"},"message":"\u001b[90m> \u001b[39m     at IncomingMessage.emit (node:events:390:22)"}}
[info] >      at endReadableNT (node:internal/streams/readable:1307:12) {"user":"    at endReadableNT (node:internal/streams/readable:1307:12)","metadata":{"emulator":{"name":"functions"},"function":{"name":"us-central1-api"},"message":"\u001b[90m> \u001b[39m     at endReadableNT (node:internal/streams/readable:1307:12)"}}
[info] >      at processTicksAndRejections (node:internal/process/task_queues:81:21) { {"user":"    at processTicksAndRejections (node:internal/process/task_queues:81:21) {","metadata":{"emulator":{"name":"functions"},"function":{"name":"us-central1-api"},"message":"\u001b[90m> \u001b[39m     at processTicksAndRejections (node:internal/process/task_queues:81:21) {"}}
[info] >    type: 'StripeInvalidRequestError', {"user":"  type: 'StripeInvalidRequestError',","metadata":{"emulator":{"name":"functions"},"function":{"name":"us-central1-api"},"message":"\u001b[90m> \u001b[39m   type: 'StripeInvalidRequestError',"}}
[info] >    raw: { {"user":"  raw: {","metadata":{"emulator":{"name":"functions"},"function":{"name":"us-central1-api"},"message":"\u001b[90m> \u001b[39m   raw: {"}}
[info] >      code: 'parameter_invalid_integer', {"user":"    code: 'parameter_invalid_integer',","metadata":{"emulator":{"name":"functions"},"function":{"name":"us-central1-api"},"message":"\u001b[90m> \u001b[39m     code: 'parameter_invalid_integer',"}}
[info] >      doc_url: 'https://stripe.com/docs/error-codes/parameter-invalid-integer', {"user":"    doc_url: 'https://stripe.com/docs/error-codes/parameter-invalid-integer',","metadata":{"emulator":{"name":"functions"},"function":{"name":"us-central1-api"},"message":"\u001b[90m> \u001b[39m     doc_url: 'https://stripe.com/docs/error-codes/parameter-invalid-integer',"}}
[info] >      message: 'This value must be greater than or equal to 1.', {"user":"    message: 'This value must be greater than or equal to 1.',","metadata":{"emulator":{"name":"functions"},"function":{"name":"us-central1-api"},"message":"\u001b[90m> \u001b[39m     message: 'This value must be greater than or equal to 1.',"}}
[info] >      param: 'amount', {"user":"    param: 'amount',","metadata":{"emulator":{"name":"functions"},"function":{"name":"us-central1-api"},"message":"\u001b[90m> \u001b[39m     param: 'amount',"}}
[info] >      type: 'invalid_request_error', {"user":"    type: 'invalid_request_error',","metadata":{"emulator":{"name":"functions"},"function":{"name":"us-central1-api"},"message":"\u001b[90m> \u001b[39m     type: 'invalid_request_error',"}}
[info] >      headers: { {"user":"    headers: {","metadata":{"emulator":{"name":"functions"},"function":{"name":"us-central1-api"},"message":"\u001b[90m> \u001b[39m     headers: {"}}
[info] >        server: 'nginx', {"user":"      server: 'nginx',","metadata":{"emulator":{"name":"functions"},"function":{"name":"us-central1-api"},"message":"\u001b[90m> \u001b[39m       server: 'nginx',"}}
[info] >        date: 'Sun, 06 Jun 2021 22:17:31 GMT', {"user":"      date: 'Sun, 06 Jun 2021 22:17:31 GMT',","metadata":{"emulator":{"name":"functions"},"function":{"name":"us-central1-api"},"message":"\u001b[90m> \u001b[39m       date: 'Sun, 06 Jun 2021 22:17:31 GMT',"}}
[info] >        'content-type': 'application/json', {"user":"      'content-type': 'application/json',","metadata":{"emulator":{"name":"functions"},"function":{"name":"us-central1-api"},"message":"\u001b[90m> \u001b[39m       'content-type': 'application/json',"}}
[info] >        'content-length': '266', {"user":"      'content-length': '266',","metadata":{"emulator":{"name":"functions"},"function":{"name":"us-central1-api"},"message":"\u001b[90m> \u001b[39m       'content-length': '266',"}}
[info] >        connection: 'keep-alive', {"user":"      connection: 'keep-alive',","metadata":{"emulator":{"name":"functions"},"function":{"name":"us-central1-api"},"message":"\u001b[90m> \u001b[39m       connection: 'keep-alive',"}}
[info] >        'access-control-allow-credentials': 'true', {"user":"      'access-control-allow-credentials': 'true',","metadata":{"emulator":{"name":"functions"},"function":{"name":"us-central1-api"},"message":"\u001b[90m> \u001b[39m       'access-control-allow-credentials': 'true',"}}
[info] >        'access-control-allow-methods': 'GET, POST, HEAD, OPTIONS, DELETE', {"user":"      'access-control-allow-methods': 'GET, POST, HEAD, OPTIONS, DELETE',","metadata":{"emulator":{"name":"functions"},"function":{"name":"us-central1-api"},"message":"\u001b[90m> \u001b[39m       'access-control-allow-methods': 'GET, POST, HEAD, OPTIONS, DELETE',"}}
[info] >        'access-control-allow-origin': '*', {"user":"      'access-control-allow-origin': '*',","metadata":{"emulator":{"name":"functions"},"function":{"name":"us-central1-api"},"message":"\u001b[90m> \u001b[39m       'access-control-allow-origin': '*',"}}
[info] >        'access-control-expose-headers': 'Request-Id, Stripe-Manage-Version, X-Stripe-External-Auth-Required, X-Stripe-Privileged-Session-Required', {"user":"      'access-control-expose-headers': 'Request-Id, Stripe-Manage-Version, X-Stripe-External-Auth-Required, X-Stripe-Privileged-Session-Required',","metadata":{"emulator":{"name":"functions"},"function":{"name":"us-central1-api"},"message":"\u001b[90m> \u001b[39m       'access-control-expose-headers': 'Request-Id, Stripe-Manage-Version, X-Stripe-External-Auth-Required, X-Stripe-Privileged-Session-Required',"}}
[info] >        'access-control-max-age': '300', {"user":"      'access-control-max-age': '300',","metadata":{"emulator":{"name":"functions"},"function":{"name":"us-central1-api"},"message":"\u001b[90m> \u001b[39m       'access-control-max-age': '300',"}}
[info] >        'cache-control': 'no-cache, no-store', {"user":"      'cache-control': 'no-cache, no-store',","metadata":{"emulator":{"name":"functions"},"function":{"name":"us-central1-api"},"message":"\u001b[90m> \u001b[39m       'cache-control': 'no-cache, no-store',"}}
[info] >        'request-id': 'req_5GTb1AyyshXMsE', {"user":"      'request-id': 'req_5GTb1AyyshXMsE',","metadata":{"emulator":{"name":"functions"},"function":{"name":"us-central1-api"},"message":"\u001b[90m> \u001b[39m       'request-id': 'req_5GTb1AyyshXMsE',"}}
[info] >        'stripe-version': '2020-08-27', {"user":"      'stripe-version': '2020-08-27',","metadata":{"emulator":{"name":"functions"},"function":{"name":"us-central1-api"},"message":"\u001b[90m> \u001b[39m       'stripe-version': '2020-08-27',"}}
[info] >        'x-stripe-c-cost': '0', {"user":"      'x-stripe-c-cost': '0',","metadata":{"emulator":{"name":"functions"},"function":{"name":"us-central1-api"},"message":"\u001b[90m> \u001b[39m       'x-stripe-c-cost': '0',"}}
[info] >        'strict-transport-security': 'max-age=31556926; includeSubDomains; preload' {"user":"      'strict-transport-security': 'max-age=31556926; includeSubDomains; preload'","metadata":{"emulator":{"name":"functions"},"function":{"name":"us-central1-api"},"message":"\u001b[90m> \u001b[39m       'strict-transport-security': 'max-age=31556926; includeSubDomains; preload'"}}
[info] >      }, {"user":"    },","metadata":{"emulator":{"name":"functions"},"function":{"name":"us-central1-api"},"message":"\u001b[90m> \u001b[39m     },"}}
[info] >      statusCode: 400, {"user":"    statusCode: 400,","metadata":{"emulator":{"name":"functions"},"function":{"name":"us-central1-api"},"message":"\u001b[90m> \u001b[39m     statusCode: 400,"}}
[info] >      requestId: 'req_5GTb1AyyshXMsE' {"user":"    requestId: 'req_5GTb1AyyshXMsE'","metadata":{"emulator":{"name":"functions"},"function":{"name":"us-central1-api"},"message":"\u001b[90m> \u001b[39m     requestId: 'req_5GTb1AyyshXMsE'"}}
[info] >    }, {"user":"  },","metadata":{"emulator":{"name":"functions"},"function":{"name":"us-central1-api"},"message":"\u001b[90m> \u001b[39m   },"}}
[info] >    rawType: 'invalid_request_error', {"user":"  rawType: 'invalid_request_error',","metadata":{"emulator":{"name":"functions"},"function":{"name":"us-central1-api"},"message":"\u001b[90m> \u001b[39m   rawType: 'invalid_request_error',"}}
[info] >    code: 'parameter_invalid_integer', {"user":"  code: 'parameter_invalid_integer',","metadata":{"emulator":{"name":"functions"},"function":{"name":"us-central1-api"},"message":"\u001b[90m> \u001b[39m   code: 'parameter_invalid_integer',"}}
[info] >    doc_url: 'https://stripe.com/docs/error-codes/parameter-invalid-integer', {"user":"  doc_url: 'https://stripe.com/docs/error-codes/parameter-invalid-integer',","metadata":{"emulator":{"name":"functions"},"function":{"name":"us-central1-api"},"message":"\u001b[90m> \u001b[39m   doc_url: 'https://stripe.com/docs/error-codes/parameter-invalid-integer',"}}
[info] >    param: 'amount', {"user":"  param: 'amount',","metadata":{"emulator":{"name":"functions"},"function":{"name":"us-central1-api"},"message":"\u001b[90m> \u001b[39m   param: 'amount',"}}
[info] >    detail: undefined, {"user":"  detail: undefined,","metadata":{"emulator":{"name":"functions"},"function":{"name":"us-central1-api"},"message":"\u001b[90m> \u001b[39m   detail: undefined,"}}
[info] >    headers: { {"user":"  headers: {","metadata":{"emulator":{"name":"functions"},"function":{"name":"us-central1-api"},"message":"\u001b[90m> \u001b[39m   headers: {"}}
[info] >      server: 'nginx', {"user":"    server: 'nginx',","metadata":{"emulator":{"name":"functions"},"function":{"name":"us-central1-api"},"message":"\u001b[90m> \u001b[39m     server: 'nginx',"}}
[info] >      date: 'Sun, 06 Jun 2021 22:17:31 GMT', {"user":"    date: 'Sun, 06 Jun 2021 22:17:31 GMT',","metadata":{"emulator":{"name":"functions"},"function":{"name":"us-central1-api"},"message":"\u001b[90m> \u001b[39m     date: 'Sun, 06 Jun 2021 22:17:31 GMT',"}}
[info] >      'content-type': 'application/json', {"user":"    'content-type': 'application/json',","metadata":{"emulator":{"name":"functions"},"function":{"name":"us-central1-api"},"message":"\u001b[90m> \u001b[39m     'content-type': 'application/json',"}}
[info] >      'content-length': '266', {"user":"    'content-length': '266',","metadata":{"emulator":{"name":"functions"},"function":{"name":"us-central1-api"},"message":"\u001b[90m> \u001b[39m     'content-length': '266',"}}
[info] >      connection: 'keep-alive', {"user":"    connection: 'keep-alive',","metadata":{"emulator":{"name":"functions"},"function":{"name":"us-central1-api"},"message":"\u001b[90m> \u001b[39m     connection: 'keep-alive',"}}
[info] >      'access-control-allow-credentials': 'true', {"user":"    'access-control-allow-credentials': 'true',","metadata":{"emulator":{"name":"functions"},"function":{"name":"us-central1-api"},"message":"\u001b[90m> \u001b[39m     'access-control-allow-credentials': 'true',"}}
[info] >      'access-control-allow-methods': 'GET, POST, HEAD, OPTIONS, DELETE', {"user":"    'access-control-allow-methods': 'GET, POST, HEAD, OPTIONS, DELETE',","metadata":{"emulator":{"name":"functions"},"function":{"name":"us-central1-api"},"message":"\u001b[90m> \u001b[39m     'access-control-allow-methods': 'GET, POST, HEAD, OPTIONS, DELETE',"}}
[info] >      'access-control-allow-origin': '*', {"user":"    'access-control-allow-origin': '*',","metadata":{"emulator":{"name":"functions"},"function":{"name":"us-central1-api"},"message":"\u001b[90m> \u001b[39m     'access-control-allow-origin': '*',"}}
[info] >      'access-control-expose-headers': 'Request-Id, Stripe-Manage-Version, X-Stripe-External-Auth-Required, X-Stripe-Privileged-Session-Required', {"user":"    'access-control-expose-headers': 'Request-Id, Stripe-Manage-Version, X-Stripe-External-Auth-Required, X-Stripe-Privileged-Session-Required',","metadata":{"emulator":{"name":"functions"},"function":{"name":"us-central1-api"},"message":"\u001b[90m> \u001b[39m     'access-control-expose-headers': 'Request-Id, Stripe-Manage-Version, X-Stripe-External-Auth-Required, X-Stripe-Privileged-Session-Required',"}}
[info] >      'access-control-max-age': '300', {"user":"    'access-control-max-age': '300',","metadata":{"emulator":{"name":"functions"},"function":{"name":"us-central1-api"},"message":"\u001b[90m> \u001b[39m     'access-control-max-age': '300',"}}
[info] >      'cache-control': 'no-cache, no-store', {"user":"    'cache-control': 'no-cache, no-store',","metadata":{"emulator":{"name":"functions"},"function":{"name":"us-central1-api"},"message":"\u001b[90m> \u001b[39m     'cache-control': 'no-cache, no-store',"}}
[info] >      'request-id': 'req_5GTb1AyyshXMsE', {"user":"    'request-id': 'req_5GTb1AyyshXMsE',","metadata":{"emulator":{"name":"functions"},"function":{"name":"us-central1-api"},"message":"\u001b[90m> \u001b[39m     'request-id': 'req_5GTb1AyyshXMsE',"}}
[info] >      'stripe-version': '2020-08-27', {"user":"    'stripe-version': '2020-08-27',","metadata":{"emulator":{"name":"functions"},"function":{"name":"us-central1-api"},"message":"\u001b[90m> \u001b[39m     'stripe-version': '2020-08-27',"}}
[info] >      'x-stripe-c-cost': '0', {"user":"    'x-stripe-c-cost': '0',","metadata":{"emulator":{"name":"functions"},"function":{"name":"us-central1-api"},"message":"\u001b[90m> \u001b[39m     'x-stripe-c-cost': '0',"}}
[info] >      'strict-transport-security': 'max-age=31556926; includeSubDomains; preload' {"user":"    'strict-transport-security': 'max-age=31556926; includeSubDomains; preload'","metadata":{"emulator":{"name":"functions"},"function":{"name":"us-central1-api"},"message":"\u001b[90m> \u001b[39m     'strict-transport-security': 'max-age=31556926; includeSubDomains; preload'"}}
[info] >    }, {"user":"  },","metadata":{"emulator":{"name":"functions"},"function":{"name":"us-central1-api"},"message":"\u001b[90m> \u001b[39m   },"}}
[info] >    requestId: 'req_5GTb1AyyshXMsE', {"user":"  requestId: 'req_5GTb1AyyshXMsE',","metadata":{"emulator":{"name":"functions"},"function":{"name":"us-central1-api"},"message":"\u001b[90m> \u001b[39m   requestId: 'req_5GTb1AyyshXMsE',"}}
[info] >    statusCode: 400, {"user":"  statusCode: 400,","metadata":{"emulator":{"name":"functions"},"function":{"name":"us-central1-api"},"message":"\u001b[90m> \u001b[39m   statusCode: 400,"}}
[info] >    charge: undefined, {"user":"  charge: undefined,","metadata":{"emulator":{"name":"functions"},"function":{"name":"us-central1-api"},"message":"\u001b[90m> \u001b[39m   charge: undefined,"}}
[info] >    decline_code: undefined, {"user":"  decline_code: undefined,","metadata":{"emulator":{"name":"functions"},"function":{"name":"us-central1-api"},"message":"\u001b[90m> \u001b[39m   decline_code: undefined,"}}
[info] >    payment_intent: undefined, {"user":"  payment_intent: undefined,","metadata":{"emulator":{"name":"functions"},"function":{"name":"us-central1-api"},"message":"\u001b[90m> \u001b[39m   payment_intent: undefined,"}}
[info] >    payment_method: undefined, {"user":"  payment_method: undefined,","metadata":{"emulator":{"name":"functions"},"function":{"name":"us-central1-api"},"message":"\u001b[90m> \u001b[39m   payment_method: undefined,"}}
[info] >    payment_method_type: undefined, {"user":"  payment_method_type: undefined,","metadata":{"emulator":{"name":"functions"},"function":{"name":"us-central1-api"},"message":"\u001b[90m> \u001b[39m   payment_method_type: undefined,"}}
[info] >    setup_intent: undefined, {"user":"  setup_intent: undefined,","metadata":{"emulator":{"name":"functions"},"function":{"name":"us-central1-api"},"message":"\u001b[90m> \u001b[39m   setup_intent: undefined,"}}
[info] >    source: undefined {"user":"  source: undefined","metadata":{"emulator":{"name":"functions"},"function":{"name":"us-central1-api"},"message":"\u001b[90m> \u001b[39m   source: undefined"}}
[info] >  } {"user":"}","metadata":{"emulator":{"name":"functions"},"function":{"name":"us-central1-api"},"message":"\u001b[90m> \u001b[39m }"}}
[debug] [2021-06-06T22:17:31.227Z] [worker-us-central1-api-24e344c5-1216-4edf-ac92-efaec862f814]: exited {"metadata":{"emulator":{"name":"functions"},"message":"[worker-us-central1-api-24e344c5-1216-4edf-ac92-efaec862f814]: exited"}}
[debug] [2021-06-06T22:17:31.227Z] [worker-us-central1-api-24e344c5-1216-4edf-ac92-efaec862f814]: FINISHED {"metadata":{"emulator":{"name":"functions"},"message":"[worker-us-central1-api-24e344c5-1216-4edf-ac92-efaec862f814]: FINISHED"}}
[debug] [2021-06-06T22:17:31.228Z] [work-queue] {"queueLength":0,"workRunningCount":0}
